2022-02-15 01:39:37.919 ERROR 19544 --- [restartedMain] o.s.b.d.LoggingFailureAnalysisReporter   : 

***************************
APPLICATION FAILED TO START
***************************

Description:

Failed to bind properties under 'logging.level' to java.util.Map<java.lang.String, org.springframework.boot.logging.LogLevel>:

    Reason: org.springframework.core.convert.ConverterNotFoundException: No converter found capable of converting from type [java.lang.String] to type [java.util.Map<java.lang.String, org.springframework.boot.logging.LogLevel>]

Action:

Update your application's configuration

2022-02-15 01:41:29.911 ERROR 17844 --- [restartedMain] o.s.b.d.LoggingFailureAnalysisReporter   : 

***************************
APPLICATION FAILED TO START
***************************

Description:

Failed to bind properties under 'logging.level' to java.util.Map<java.lang.String, org.springframework.boot.logging.LogLevel>:

    Reason: org.springframework.core.convert.ConverterNotFoundException: No converter found capable of converting from type [java.lang.String] to type [java.util.Map<java.lang.String, org.springframework.boot.logging.LogLevel>]

Action:

Update your application's configuration

2022-02-15 01:42:56.672  INFO 4588 --- [restartedMain] c.h.BlogReactSpringApplication           : Starting BlogReactSpringApplication using Java 11.0.11 on DESKTOP-RTG2D08 with PID 4588 (F:\spring\BlogReactSpring\target\classes started by Java Spring in F:\spring\BlogReactSpring)
2022-02-15 01:42:56.673  INFO 4588 --- [restartedMain] c.h.BlogReactSpringApplication           : No active profile set, falling back to default profiles: default
2022-02-15 01:42:56.704  INFO 4588 --- [restartedMain] .e.DevToolsPropertyDefaultsPostProcessor : Devtools property defaults active! Set 'spring.devtools.add-properties' to 'false' to disable
2022-02-15 01:42:56.705  INFO 4588 --- [restartedMain] .e.DevToolsPropertyDefaultsPostProcessor : For additional web related logging consider setting the 'logging.level.web' property to 'DEBUG'
2022-02-15 01:42:57.468  INFO 4588 --- [restartedMain] .s.d.r.c.RepositoryConfigurationDelegate : Bootstrapping Spring Data JPA repositories in DEFAULT mode.
2022-02-15 01:42:57.479  INFO 4588 --- [restartedMain] .s.d.r.c.RepositoryConfigurationDelegate : Finished Spring Data repository scanning in 4 ms. Found 0 JPA repository interfaces.
2022-02-15 01:42:57.922  INFO 4588 --- [restartedMain] o.s.b.w.embedded.tomcat.TomcatWebServer  : Tomcat initialized with port(s): 8080 (http)
2022-02-15 01:42:57.929  INFO 4588 --- [restartedMain] o.apache.catalina.core.StandardService   : Starting service [Tomcat]
2022-02-15 01:42:57.929  INFO 4588 --- [restartedMain] org.apache.catalina.core.StandardEngine  : Starting Servlet engine: [Apache Tomcat/9.0.56]
2022-02-15 01:42:57.994  INFO 4588 --- [restartedMain] o.a.c.c.C.[Tomcat].[localhost].[/]       : Initializing Spring embedded WebApplicationContext
2022-02-15 01:42:57.994  INFO 4588 --- [restartedMain] w.s.c.ServletWebServerApplicationContext : Root WebApplicationContext: initialization completed in 1289 ms
2022-02-15 01:42:58.073  INFO 4588 --- [restartedMain] com.zaxxer.hikari.HikariDataSource       : HikariPool-1 - Starting...
2022-02-15 01:42:58.146  INFO 4588 --- [restartedMain] com.zaxxer.hikari.HikariDataSource       : HikariPool-1 - Start completed.
2022-02-15 01:42:58.153  INFO 4588 --- [restartedMain] o.s.b.a.h2.H2ConsoleAutoConfiguration    : H2 console available at '/h2-console'. Database available at 'jdbc:h2:mem:innova'
2022-02-15 01:42:58.231  INFO 4588 --- [restartedMain] o.hibernate.jpa.internal.util.LogHelper  : HHH000204: Processing PersistenceUnitInfo [name: default]
2022-02-15 01:42:58.259  INFO 4588 --- [restartedMain] org.hibernate.Version                    : HHH000412: Hibernate ORM core version 5.6.4.Final
2022-02-15 01:42:58.335  INFO 4588 --- [restartedMain] o.hibernate.annotations.common.Version   : HCANN000001: Hibernate Commons Annotations {5.1.2.Final}
2022-02-15 01:42:58.413  INFO 4588 --- [restartedMain] org.hibernate.dialect.Dialect            : HHH000400: Using dialect: org.hibernate.dialect.H2Dialect
2022-02-15 01:42:58.581  INFO 4588 --- [restartedMain] o.h.e.t.j.p.i.JtaPlatformInitiator       : HHH000490: Using JtaPlatform implementation: [org.hibernate.engine.transaction.jta.platform.internal.NoJtaPlatform]
2022-02-15 01:42:58.590  INFO 4588 --- [restartedMain] j.LocalContainerEntityManagerFactoryBean : Initialized JPA EntityManagerFactory for persistence unit 'default'
2022-02-15 01:42:58.639  WARN 4588 --- [restartedMain] JpaBaseConfiguration$JpaWebConfiguration : spring.jpa.open-in-view is enabled by default. Therefore, database queries may be performed during view rendering. Explicitly configure spring.jpa.open-in-view to disable this warning
2022-02-15 01:42:58.831  WARN 4588 --- [restartedMain] ion$DefaultTemplateResolverConfiguration : Cannot find template location: classpath:/templates/ (please add some templates or check your Thymeleaf configuration)
2022-02-15 01:42:59.051  INFO 4588 --- [restartedMain] o.s.b.d.a.OptionalLiveReloadServer       : LiveReload server is running on port 35729
2022-02-15 01:42:59.055  INFO 4588 --- [restartedMain] o.s.b.a.e.web.EndpointLinksResolver      : Exposing 1 endpoint(s) beneath base path '/actuator'
2022-02-15 01:42:59.091  INFO 4588 --- [restartedMain] o.s.b.w.embedded.tomcat.TomcatWebServer  : Tomcat started on port(s): 8080 (http) with context path ''
2022-02-15 01:42:59.106  INFO 4588 --- [restartedMain] c.h.BlogReactSpringApplication           : Started BlogReactSpringApplication in 2.727 seconds (JVM running for 4.289)
2022-02-15 01:43:00.969  INFO 4588 --- [RMI TCP Connection(2)-172.24.144.1] o.a.c.c.C.[Tomcat].[localhost].[/]       : Initializing Spring DispatcherServlet 'dispatcherServlet'
2022-02-15 01:43:00.970  INFO 4588 --- [RMI TCP Connection(2)-172.24.144.1] o.s.web.servlet.DispatcherServlet        : Initializing Servlet 'dispatcherServlet'
2022-02-15 01:43:00.971  INFO 4588 --- [RMI TCP Connection(2)-172.24.144.1] o.s.web.servlet.DispatcherServlet        : Completed initialization in 1 ms
2022-02-15 01:43:04.931  INFO 4588 --- [SpringApplicationShutdownHook] j.LocalContainerEntityManagerFactoryBean : Closing JPA EntityManagerFactory for persistence unit 'default'
2022-02-15 01:43:05.149  WARN 4588 --- [SpringApplicationShutdownHook] o.s.b.f.support.DisposableBeanAdapter    : Invocation of destroy method failed on bean with name 'inMemoryDatabaseShutdownExecutor': org.h2.jdbc.JdbcSQLNonTransientConnectionException: Database is already closed (to disable automatic closing at VM shutdown, add ";DB_CLOSE_ON_EXIT=FALSE" to the db URL) [90121-200]
2022-02-15 01:43:05.150  INFO 4588 --- [SpringApplicationShutdownHook] com.zaxxer.hikari.HikariDataSource       : HikariPool-1 - Shutdown initiated...
2022-02-15 01:43:05.196  INFO 4588 --- [SpringApplicationShutdownHook] com.zaxxer.hikari.HikariDataSource       : HikariPool-1 - Shutdown completed.
2022-02-15 01:43:08.761  INFO 23344 --- [restartedMain] c.h.BlogReactSpringApplication           : Starting BlogReactSpringApplication using Java 11.0.11 on DESKTOP-RTG2D08 with PID 23344 (F:\spring\BlogReactSpring\target\classes started by Java Spring in F:\spring\BlogReactSpring)
2022-02-15 01:43:08.762  INFO 23344 --- [restartedMain] c.h.BlogReactSpringApplication           : No active profile set, falling back to default profiles: default
2022-02-15 01:43:08.794  INFO 23344 --- [restartedMain] .e.DevToolsPropertyDefaultsPostProcessor : Devtools property defaults active! Set 'spring.devtools.add-properties' to 'false' to disable
2022-02-15 01:43:08.794  INFO 23344 --- [restartedMain] .e.DevToolsPropertyDefaultsPostProcessor : For additional web related logging consider setting the 'logging.level.web' property to 'DEBUG'
2022-02-15 01:43:09.415  INFO 23344 --- [restartedMain] .s.d.r.c.RepositoryConfigurationDelegate : Bootstrapping Spring Data JPA repositories in DEFAULT mode.
2022-02-15 01:43:09.425  INFO 23344 --- [restartedMain] .s.d.r.c.RepositoryConfigurationDelegate : Finished Spring Data repository scanning in 4 ms. Found 0 JPA repository interfaces.
2022-02-15 01:43:09.780  INFO 23344 --- [restartedMain] o.s.b.w.embedded.tomcat.TomcatWebServer  : Tomcat initialized with port(s): 8080 (http)
2022-02-15 01:43:09.785  INFO 23344 --- [restartedMain] o.apache.catalina.core.StandardService   : Starting service [Tomcat]
2022-02-15 01:43:09.786  INFO 23344 --- [restartedMain] org.apache.catalina.core.StandardEngine  : Starting Servlet engine: [Apache Tomcat/9.0.56]
2022-02-15 01:43:09.846  INFO 23344 --- [restartedMain] o.a.c.c.C.[Tomcat].[localhost].[/]       : Initializing Spring embedded WebApplicationContext
2022-02-15 01:43:09.847  INFO 23344 --- [restartedMain] w.s.c.ServletWebServerApplicationContext : Root WebApplicationContext: initialization completed in 1052 ms
2022-02-15 01:43:09.916  INFO 23344 --- [restartedMain] com.zaxxer.hikari.HikariDataSource       : HikariPool-1 - Starting...
2022-02-15 01:43:09.992  INFO 23344 --- [restartedMain] com.zaxxer.hikari.HikariDataSource       : HikariPool-1 - Start completed.
2022-02-15 01:43:09.998  INFO 23344 --- [restartedMain] o.s.b.a.h2.H2ConsoleAutoConfiguration    : H2 console available at '/h2-console'. Database available at 'jdbc:h2:mem:innova'
2022-02-15 01:43:10.071  INFO 23344 --- [restartedMain] o.hibernate.jpa.internal.util.LogHelper  : HHH000204: Processing PersistenceUnitInfo [name: default]
2022-02-15 01:43:10.101  INFO 23344 --- [restartedMain] org.hibernate.Version                    : HHH000412: Hibernate ORM core version 5.6.4.Final
2022-02-15 01:43:10.189  INFO 23344 --- [restartedMain] o.hibernate.annotations.common.Version   : HCANN000001: Hibernate Commons Annotations {5.1.2.Final}
2022-02-15 01:43:10.259  INFO 23344 --- [restartedMain] org.hibernate.dialect.Dialect            : HHH000400: Using dialect: org.hibernate.dialect.H2Dialect
2022-02-15 01:43:10.416  INFO 23344 --- [restartedMain] o.h.e.t.j.p.i.JtaPlatformInitiator       : HHH000490: Using JtaPlatform implementation: [org.hibernate.engine.transaction.jta.platform.internal.NoJtaPlatform]
2022-02-15 01:43:10.423  INFO 23344 --- [restartedMain] j.LocalContainerEntityManagerFactoryBean : Initialized JPA EntityManagerFactory for persistence unit 'default'
2022-02-15 01:43:10.462  WARN 23344 --- [restartedMain] JpaBaseConfiguration$JpaWebConfiguration : spring.jpa.open-in-view is enabled by default. Therefore, database queries may be performed during view rendering. Explicitly configure spring.jpa.open-in-view to disable this warning
2022-02-15 01:43:10.629  WARN 23344 --- [restartedMain] ion$DefaultTemplateResolverConfiguration : Cannot find template location: classpath:/templates/ (please add some templates or check your Thymeleaf configuration)
2022-02-15 01:43:10.807  INFO 23344 --- [restartedMain] o.s.b.d.a.OptionalLiveReloadServer       : LiveReload server is running on port 35729
2022-02-15 01:43:10.812  INFO 23344 --- [restartedMain] o.s.b.a.e.web.EndpointLinksResolver      : Exposing 1 endpoint(s) beneath base path '/actuator'
2022-02-15 01:43:10.849  INFO 23344 --- [restartedMain] o.s.b.w.embedded.tomcat.TomcatWebServer  : Tomcat started on port(s): 8080 (http) with context path ''
2022-02-15 01:43:10.862  INFO 23344 --- [restartedMain] c.h.BlogReactSpringApplication           : Started BlogReactSpringApplication in 2.401 seconds (JVM running for 3.914)
2022-02-15 01:43:12.053  INFO 23344 --- [RMI TCP Connection(2)-172.24.144.1] o.a.c.c.C.[Tomcat].[localhost].[/]       : Initializing Spring DispatcherServlet 'dispatcherServlet'
2022-02-15 01:43:12.054  INFO 23344 --- [RMI TCP Connection(2)-172.24.144.1] o.s.web.servlet.DispatcherServlet        : Initializing Servlet 'dispatcherServlet'
2022-02-15 01:43:12.055  INFO 23344 --- [RMI TCP Connection(2)-172.24.144.1] o.s.web.servlet.DispatcherServlet        : Completed initialization in 1 ms
2022-02-15 01:43:51.098  INFO 23344 --- [SpringApplicationShutdownHook] j.LocalContainerEntityManagerFactoryBean : Closing JPA EntityManagerFactory for persistence unit 'default'
2022-02-15 01:43:51.315  WARN 23344 --- [SpringApplicationShutdownHook] o.s.b.f.support.DisposableBeanAdapter    : Invocation of destroy method failed on bean with name 'inMemoryDatabaseShutdownExecutor': org.h2.jdbc.JdbcSQLNonTransientConnectionException: Database is already closed (to disable automatic closing at VM shutdown, add ";DB_CLOSE_ON_EXIT=FALSE" to the db URL) [90121-200]
2022-02-15 01:43:51.318  INFO 23344 --- [SpringApplicationShutdownHook] com.zaxxer.hikari.HikariDataSource       : HikariPool-1 - Shutdown initiated...
2022-02-15 01:43:51.362  INFO 23344 --- [SpringApplicationShutdownHook] com.zaxxer.hikari.HikariDataSource       : HikariPool-1 - Shutdown completed.
2022-02-15 01:43:54.959  INFO 19364 --- [restartedMain] c.h.BlogReactSpringApplication           : Starting BlogReactSpringApplication using Java 11.0.11 on DESKTOP-RTG2D08 with PID 19364 (F:\spring\BlogReactSpring\target\classes started by Java Spring in F:\spring\BlogReactSpring)
2022-02-15 01:43:54.960  INFO 19364 --- [restartedMain] c.h.BlogReactSpringApplication           : No active profile set, falling back to default profiles: default
2022-02-15 01:43:54.989  INFO 19364 --- [restartedMain] .e.DevToolsPropertyDefaultsPostProcessor : Devtools property defaults active! Set 'spring.devtools.add-properties' to 'false' to disable
2022-02-15 01:43:54.990  INFO 19364 --- [restartedMain] .e.DevToolsPropertyDefaultsPostProcessor : For additional web related logging consider setting the 'logging.level.web' property to 'DEBUG'
2022-02-15 01:43:55.630  INFO 19364 --- [restartedMain] .s.d.r.c.RepositoryConfigurationDelegate : Bootstrapping Spring Data JPA repositories in DEFAULT mode.
2022-02-15 01:43:55.639  INFO 19364 --- [restartedMain] .s.d.r.c.RepositoryConfigurationDelegate : Finished Spring Data repository scanning in 4 ms. Found 0 JPA repository interfaces.
2022-02-15 01:43:56.015  INFO 19364 --- [restartedMain] o.s.b.w.embedded.tomcat.TomcatWebServer  : Tomcat initialized with port(s): 8080 (http)
2022-02-15 01:43:56.021  INFO 19364 --- [restartedMain] o.apache.catalina.core.StandardService   : Starting service [Tomcat]
2022-02-15 01:43:56.022  INFO 19364 --- [restartedMain] org.apache.catalina.core.StandardEngine  : Starting Servlet engine: [Apache Tomcat/9.0.56]
2022-02-15 01:43:56.083  INFO 19364 --- [restartedMain] o.a.c.c.C.[Tomcat].[localhost].[/]       : Initializing Spring embedded WebApplicationContext
2022-02-15 01:43:56.083  INFO 19364 --- [restartedMain] w.s.c.ServletWebServerApplicationContext : Root WebApplicationContext: initialization completed in 1093 ms
2022-02-15 01:43:56.154  INFO 19364 --- [restartedMain] com.zaxxer.hikari.HikariDataSource       : HikariPool-1 - Starting...
2022-02-15 01:43:56.228  INFO 19364 --- [restartedMain] com.zaxxer.hikari.HikariDataSource       : HikariPool-1 - Start completed.
2022-02-15 01:43:56.234  INFO 19364 --- [restartedMain] o.s.b.a.h2.H2ConsoleAutoConfiguration    : H2 console available at '/h2-console'. Database available at 'jdbc:h2:mem:innova'
2022-02-15 01:43:56.321  INFO 19364 --- [restartedMain] o.hibernate.jpa.internal.util.LogHelper  : HHH000204: Processing PersistenceUnitInfo [name: default]
2022-02-15 01:43:56.351  INFO 19364 --- [restartedMain] org.hibernate.Version                    : HHH000412: Hibernate ORM core version 5.6.4.Final
2022-02-15 01:43:56.430  INFO 19364 --- [restartedMain] o.hibernate.annotations.common.Version   : HCANN000001: Hibernate Commons Annotations {5.1.2.Final}
2022-02-15 01:43:56.494  INFO 19364 --- [restartedMain] org.hibernate.dialect.Dialect            : HHH000400: Using dialect: org.hibernate.dialect.H2Dialect
2022-02-15 01:43:56.641  INFO 19364 --- [restartedMain] o.h.e.t.j.p.i.JtaPlatformInitiator       : HHH000490: Using JtaPlatform implementation: [org.hibernate.engine.transaction.jta.platform.internal.NoJtaPlatform]
2022-02-15 01:43:56.648  INFO 19364 --- [restartedMain] j.LocalContainerEntityManagerFactoryBean : Initialized JPA EntityManagerFactory for persistence unit 'default'
2022-02-15 01:43:56.689  WARN 19364 --- [restartedMain] JpaBaseConfiguration$JpaWebConfiguration : spring.jpa.open-in-view is enabled by default. Therefore, database queries may be performed during view rendering. Explicitly configure spring.jpa.open-in-view to disable this warning
2022-02-15 01:43:56.855  WARN 19364 --- [restartedMain] ion$DefaultTemplateResolverConfiguration : Cannot find template location: classpath:/templates/ (please add some templates or check your Thymeleaf configuration)
2022-02-15 01:43:57.024  INFO 19364 --- [restartedMain] o.s.b.d.a.OptionalLiveReloadServer       : LiveReload server is running on port 35729
2022-02-15 01:43:57.028  INFO 19364 --- [restartedMain] o.s.b.a.e.web.EndpointLinksResolver      : Exposing 1 endpoint(s) beneath base path '/actuator'
2022-02-15 01:43:57.068  INFO 19364 --- [restartedMain] o.s.b.w.embedded.tomcat.TomcatWebServer  : Tomcat started on port(s): 8080 (http) with context path ''
2022-02-15 01:43:57.081  INFO 19364 --- [restartedMain] c.h.BlogReactSpringApplication           : Started BlogReactSpringApplication in 2.41 seconds (JVM running for 3.999)
2022-02-15 01:43:58.267  INFO 19364 --- [RMI TCP Connection(1)-172.24.144.1] o.a.c.c.C.[Tomcat].[localhost].[/]       : Initializing Spring DispatcherServlet 'dispatcherServlet'
2022-02-15 01:43:58.268  INFO 19364 --- [RMI TCP Connection(1)-172.24.144.1] o.s.web.servlet.DispatcherServlet        : Initializing Servlet 'dispatcherServlet'
2022-02-15 01:43:58.270  INFO 19364 --- [RMI TCP Connection(1)-172.24.144.1] o.s.web.servlet.DispatcherServlet        : Completed initialization in 0 ms
